<?xml version="1.0" encoding="UTF-8"?>
<!-- Generated by org.testng.reporters.JUnitXMLReporter -->
<testsuite hostname="LAPTOP-2408U0K0" ignored="0" name="Command line test" tests="5" failures="0" timestamp="22 dic 2021 07:32:08 GMT" time="0.039" errors="0">
  <testcase name="@BeforeMethod beforeTest" time="0.0" classname="tests.BaseTest">
    <failure type="org.testng.TestNGException" message="
Parameter &amp;apos;browser&amp;apos; is required by BeforeMethod on method beforeTest but has not been marked @Optional or defined
">
      <![CDATA[org.testng.TestNGException: 
Parameter 'browser' is required by BeforeMethod on method beforeTest but has not been marked @Optional or defined

... Removed 34 stack frames]]>
    </failure>
  </testcase> <!-- @BeforeMethod beforeTest -->
  <testcase name="@BeforeMethod setUp" time="0.0" classname="tests.MyFilesTest">
    <failure type="java.lang.NullPointerException">
      <![CDATA[java.lang.NullPointerException
	at tests.MyFilesTest.setUp(MyFilesTest.java:21)
... Removed 37 stack frames]]>
    </failure>
  </testcase> <!-- @BeforeMethod setUp -->
  <testcase name="@AfterMethod afterTest" time="0.0" classname="tests.BaseTest">
    <failure type="java.lang.NullPointerException">
      <![CDATA[java.lang.NullPointerException
	at tests.BaseTest.afterTest(BaseTest.java:22)
... Removed 37 stack frames]]>
    </failure>
  </testcase> <!-- @AfterMethod afterTest -->
  <testcase name="@BeforeMethod beforeTest" time="0.0" classname="tests.BaseTest">
    <failure type="org.testng.TestNGException" message="
Parameter &amp;apos;browser&amp;apos; is required by BeforeMethod on method beforeTest but has not been marked @Optional or defined
">
      <![CDATA[org.testng.TestNGException: 
Parameter 'browser' is required by BeforeMethod on method beforeTest but has not been marked @Optional or defined

... Removed 34 stack frames]]>
    </failure>
  </testcase> <!-- @BeforeMethod beforeTest -->
  <testcase name="@BeforeMethod setUp" time="0.0" classname="tests.MyFilesTest">
    <failure type="java.lang.NullPointerException">
      <![CDATA[java.lang.NullPointerException
	at tests.MyFilesTest.setUp(MyFilesTest.java:21)
... Removed 37 stack frames]]>
    </failure>
  </testcase> <!-- @BeforeMethod setUp -->
  <testcase name="@AfterMethod afterTest" time="0.0" classname="tests.BaseTest">
    <failure type="java.lang.NullPointerException">
      <![CDATA[java.lang.NullPointerException
	at tests.BaseTest.afterTest(BaseTest.java:22)
... Removed 37 stack frames]]>
    </failure>
  </testcase> <!-- @AfterMethod afterTest -->
  <testcase name="@BeforeMethod beforeTest" time="0.0" classname="tests.BaseTest">
    <failure type="org.testng.TestNGException" message="
Parameter &amp;apos;browser&amp;apos; is required by BeforeMethod on method beforeTest but has not been marked @Optional or defined
">
      <![CDATA[org.testng.TestNGException: 
Parameter 'browser' is required by BeforeMethod on method beforeTest but has not been marked @Optional or defined

... Removed 34 stack frames]]>
    </failure>
  </testcase> <!-- @BeforeMethod beforeTest -->
  <testcase name="@BeforeMethod setUp" time="0.0" classname="tests.AccountSettingsTest">
    <failure type="java.lang.NullPointerException">
      <![CDATA[java.lang.NullPointerException
	at tests.AccountSettingsTest.setUp(AccountSettingsTest.java:19)
... Removed 37 stack frames]]>
    </failure>
  </testcase> <!-- @BeforeMethod setUp -->
  <testcase name="@AfterMethod afterTest" time="0.0" classname="tests.BaseTest">
    <failure type="java.lang.NullPointerException">
      <![CDATA[java.lang.NullPointerException
	at tests.BaseTest.afterTest(BaseTest.java:22)
... Removed 37 stack frames]]>
    </failure>
  </testcase> <!-- @AfterMethod afterTest -->
  <testcase name="@BeforeMethod beforeTest" time="0.0" classname="tests.BaseTest">
    <failure type="org.testng.TestNGException" message="
Parameter &amp;apos;browser&amp;apos; is required by BeforeMethod on method beforeTest but has not been marked @Optional or defined
">
      <![CDATA[org.testng.TestNGException: 
Parameter 'browser' is required by BeforeMethod on method beforeTest but has not been marked @Optional or defined

... Removed 34 stack frames]]>
    </failure>
  </testcase> <!-- @BeforeMethod beforeTest -->
  <testcase name="@BeforeMethod setUp" time="0.0" classname="tests.AccountSettingsTest">
    <failure type="java.lang.NullPointerException">
      <![CDATA[java.lang.NullPointerException
	at tests.AccountSettingsTest.setUp(AccountSettingsTest.java:19)
... Removed 37 stack frames]]>
    </failure>
  </testcase> <!-- @BeforeMethod setUp -->
  <testcase name="@AfterMethod afterTest" time="0.0" classname="tests.BaseTest">
    <failure type="java.lang.NullPointerException">
      <![CDATA[java.lang.NullPointerException
	at tests.BaseTest.afterTest(BaseTest.java:22)
... Removed 37 stack frames]]>
    </failure>
  </testcase> <!-- @AfterMethod afterTest -->
  <testcase name="@BeforeMethod beforeTest" time="0.0" classname="tests.BaseTest">
    <failure type="org.testng.TestNGException" message="
Parameter &amp;apos;browser&amp;apos; is required by BeforeMethod on method beforeTest but has not been marked @Optional or defined
">
      <![CDATA[org.testng.TestNGException: 
Parameter 'browser' is required by BeforeMethod on method beforeTest but has not been marked @Optional or defined

... Removed 34 stack frames]]>
    </failure>
  </testcase> <!-- @BeforeMethod beforeTest -->
  <testcase name="@BeforeMethod setUp" time="0.0" classname="tests.AccountSettingsTest">
    <failure type="java.lang.NullPointerException">
      <![CDATA[java.lang.NullPointerException
	at tests.AccountSettingsTest.setUp(AccountSettingsTest.java:19)
... Removed 37 stack frames]]>
    </failure>
  </testcase> <!-- @BeforeMethod setUp -->
  <testcase name="@AfterMethod afterTest" time="0.0" classname="tests.BaseTest">
    <failure type="java.lang.NullPointerException">
      <![CDATA[java.lang.NullPointerException
	at tests.BaseTest.afterTest(BaseTest.java:22)
... Removed 37 stack frames]]>
    </failure>
  </testcase> <!-- @AfterMethod afterTest -->
  <testcase name="createFolder" time="0.001" classname="tests.MyFilesTest">
    <skipped/>
  </testcase> <!-- createFolder -->
  <testcase name="createImage" time="0.0" classname="tests.MyFilesTest">
    <skipped/>
  </testcase> <!-- createImage -->
  <testcase name="createUsers" time="0.0" classname="tests.AccountSettingsTest">
    <skipped/>
  </testcase> <!-- createUsers -->
  <testcase name="createUsers" time="0.0" classname="tests.AccountSettingsTest">
    <skipped/>
  </testcase> <!-- createUsers -->
  <testcase name="removeUsers" time="0.0" classname="tests.AccountSettingsTest">
    <skipped/>
  </testcase> <!-- removeUsers -->
</testsuite> <!-- Command line test -->
