<!DOCTYPE html PUBLIC "-//W3C//DTD XHTML 1.1//EN" "http://www.w3.org/TR/xhtml11/DTD/xhtml11.dtd">
<html xmlns="http://www.w3.org/1999/xhtml"><head><title>TestNG Report</title><style type="text/css">table {margin-bottom:10px;border-collapse:collapse;empty-cells:show}th,td {border:1px solid #009;padding:.25em .5em}th {vertical-align:bottom}td {vertical-align:top}table a {font-weight:bold}.stripe td {background-color: #E6EBF9}.num {text-align:right}.passedodd td {background-color: #3F3}.passedeven td {background-color: #0A0}.skippedodd td {background-color: #DDD}.skippedeven td {background-color: #CCC}.failedodd td,.attn {background-color: #F33}.failedeven td,.stripe .attn {background-color: #D00}.stacktrace {white-space:pre;font-family:monospace}.totop {font-size:85%;text-align:center;border-bottom:2px solid #000}</style></head><body><table><tr><th>Test</th><th># Passed</th><th># Skipped</th><th># Failed</th><th>Time (ms)</th><th>Included Groups</th><th>Excluded Groups</th></tr><tr><th colspan="7">Command line suite</th></tr><tr><td><a href="#t0">Command line test</a></td><td class="num">0</td><td class="num attn">5</td><td class="num">0</td><td class="num">39</td><td></td><td></td></tr></table><table><thead><tr><th>Class</th><th>Method</th><th>Start</th><th>Time (ms)</th></tr></thead><tbody><tr><th colspan="4">Command line suite</th></tr></tbody><tbody id="t0"><tr><th colspan="4">Command line test &#8212; failed (configuration methods)</th></tr><tr class="failedeven"><td rowspan="9">tests.AccountSettingsTest</td><td><a href="#m0">afterTest</a></td><td rowspan="3">1640158328588</td><td rowspan="3">0</td></tr><tr class="failedeven"><td><a href="#m1">afterTest</a></td></tr><tr class="failedeven"><td><a href="#m2">afterTest</a></td></tr><tr class="failedeven"><td><a href="#m3">beforeTest</a></td><td rowspan="3">1640158328585</td><td rowspan="3">0</td></tr><tr class="failedeven"><td><a href="#m4">beforeTest</a></td></tr><tr class="failedeven"><td><a href="#m5">beforeTest</a></td></tr><tr class="failedeven"><td><a href="#m6">setUp</a></td><td rowspan="3">1640158328585</td><td rowspan="3">0</td></tr><tr class="failedeven"><td><a href="#m7">setUp</a></td></tr><tr class="failedeven"><td><a href="#m8">setUp</a></td></tr><tr class="failedodd"><td rowspan="6">tests.MyFilesTest</td><td><a href="#m9">afterTest</a></td><td rowspan="2">1640158328580</td><td rowspan="2">0</td></tr><tr class="failedodd"><td><a href="#m10">afterTest</a></td></tr><tr class="failedodd"><td><a href="#m11">beforeTest</a></td><td rowspan="2">1640158328565</td><td rowspan="2">0</td></tr><tr class="failedodd"><td><a href="#m12">beforeTest</a></td></tr><tr class="failedodd"><td><a href="#m13">setUp</a></td><td rowspan="2">1640158328579</td><td rowspan="2">0</td></tr><tr class="failedodd"><td><a href="#m14">setUp</a></td></tr><tr><th colspan="4">Command line test &#8212; skipped</th></tr><tr class="skippedeven"><td rowspan="3">tests.AccountSettingsTest</td><td><a href="#m15">createUsers</a></td><td rowspan="2">1640158328588</td><td rowspan="2">0</td></tr><tr class="skippedeven"><td><a href="#m16">createUsers</a></td></tr><tr class="skippedeven"><td><a href="#m17">removeUsers</a></td><td rowspan="1">1640158328589</td><td rowspan="1">0</td></tr><tr class="skippedodd"><td rowspan="2">tests.MyFilesTest</td><td><a href="#m18">createFolder</a></td><td rowspan="1">1640158328576</td><td rowspan="1">1</td></tr><tr class="skippedodd"><td><a href="#m19">createImage</a></td><td rowspan="1">1640158328579</td><td rowspan="1">0</td></tr></tbody></table><h2>Command line test</h2><h3 id="m0">tests.AccountSettingsTest#afterTest</h3><table class="result"><tr><th>Exception</th></tr><tr><td><div class="stacktrace">java.lang.NullPointerException
	at tests.BaseTest.afterTest(BaseTest.java:22)
... Removed 37 stack frames</div></td></tr></table><p class="totop"><a href="#summary">back to summary</a></p><h3 id="m1">tests.AccountSettingsTest#afterTest</h3><table class="result"><tr><th>Exception</th></tr><tr><td><div class="stacktrace">java.lang.NullPointerException
	at tests.BaseTest.afterTest(BaseTest.java:22)
... Removed 37 stack frames</div></td></tr></table><p class="totop"><a href="#summary">back to summary</a></p><h3 id="m2">tests.AccountSettingsTest#afterTest</h3><table class="result"><tr><th>Exception</th></tr><tr><td><div class="stacktrace">java.lang.NullPointerException
	at tests.BaseTest.afterTest(BaseTest.java:22)
... Removed 37 stack frames</div></td></tr></table><p class="totop"><a href="#summary">back to summary</a></p><h3 id="m3">tests.AccountSettingsTest#beforeTest</h3><table class="result"><tr><th>Exception</th></tr><tr><td><div class="stacktrace">org.testng.TestNGException: 
Parameter &apos;browser&apos; is required by BeforeMethod on method beforeTest but has not been marked @Optional or defined

... Removed 34 stack frames</div></td></tr></table><p class="totop"><a href="#summary">back to summary</a></p><h3 id="m4">tests.AccountSettingsTest#beforeTest</h3><table class="result"><tr><th>Exception</th></tr><tr><td><div class="stacktrace">org.testng.TestNGException: 
Parameter &apos;browser&apos; is required by BeforeMethod on method beforeTest but has not been marked @Optional or defined

... Removed 34 stack frames</div></td></tr></table><p class="totop"><a href="#summary">back to summary</a></p><h3 id="m5">tests.AccountSettingsTest#beforeTest</h3><table class="result"><tr><th>Exception</th></tr><tr><td><div class="stacktrace">org.testng.TestNGException: 
Parameter &apos;browser&apos; is required by BeforeMethod on method beforeTest but has not been marked @Optional or defined

... Removed 34 stack frames</div></td></tr></table><p class="totop"><a href="#summary">back to summary</a></p><h3 id="m6">tests.AccountSettingsTest#setUp</h3><table class="result"><tr><th>Exception</th></tr><tr><td><div class="stacktrace">java.lang.NullPointerException
	at tests.AccountSettingsTest.setUp(AccountSettingsTest.java:19)
... Removed 37 stack frames</div></td></tr></table><p class="totop"><a href="#summary">back to summary</a></p><h3 id="m7">tests.AccountSettingsTest#setUp</h3><table class="result"><tr><th>Exception</th></tr><tr><td><div class="stacktrace">java.lang.NullPointerException
	at tests.AccountSettingsTest.setUp(AccountSettingsTest.java:19)
... Removed 37 stack frames</div></td></tr></table><p class="totop"><a href="#summary">back to summary</a></p><h3 id="m8">tests.AccountSettingsTest#setUp</h3><table class="result"><tr><th>Exception</th></tr><tr><td><div class="stacktrace">java.lang.NullPointerException
	at tests.AccountSettingsTest.setUp(AccountSettingsTest.java:19)
... Removed 37 stack frames</div></td></tr></table><p class="totop"><a href="#summary">back to summary</a></p><h3 id="m9">tests.MyFilesTest#afterTest</h3><table class="result"><tr><th>Exception</th></tr><tr><td><div class="stacktrace">java.lang.NullPointerException
	at tests.BaseTest.afterTest(BaseTest.java:22)
... Removed 37 stack frames</div></td></tr></table><p class="totop"><a href="#summary">back to summary</a></p><h3 id="m10">tests.MyFilesTest#afterTest</h3><table class="result"><tr><th>Exception</th></tr><tr><td><div class="stacktrace">java.lang.NullPointerException
	at tests.BaseTest.afterTest(BaseTest.java:22)
... Removed 37 stack frames</div></td></tr></table><p class="totop"><a href="#summary">back to summary</a></p><h3 id="m11">tests.MyFilesTest#beforeTest</h3><table class="result"><tr><th>Exception</th></tr><tr><td><div class="stacktrace">org.testng.TestNGException: 
Parameter &apos;browser&apos; is required by BeforeMethod on method beforeTest but has not been marked @Optional or defined

... Removed 34 stack frames</div></td></tr></table><p class="totop"><a href="#summary">back to summary</a></p><h3 id="m12">tests.MyFilesTest#beforeTest</h3><table class="result"><tr><th>Exception</th></tr><tr><td><div class="stacktrace">org.testng.TestNGException: 
Parameter &apos;browser&apos; is required by BeforeMethod on method beforeTest but has not been marked @Optional or defined

... Removed 34 stack frames</div></td></tr></table><p class="totop"><a href="#summary">back to summary</a></p><h3 id="m13">tests.MyFilesTest#setUp</h3><table class="result"><tr><th>Exception</th></tr><tr><td><div class="stacktrace">java.lang.NullPointerException
	at tests.MyFilesTest.setUp(MyFilesTest.java:21)
... Removed 37 stack frames</div></td></tr></table><p class="totop"><a href="#summary">back to summary</a></p><h3 id="m14">tests.MyFilesTest#setUp</h3><table class="result"><tr><th>Exception</th></tr><tr><td><div class="stacktrace">java.lang.NullPointerException
	at tests.MyFilesTest.setUp(MyFilesTest.java:21)
... Removed 37 stack frames</div></td></tr></table><p class="totop"><a href="#summary">back to summary</a></p><h3 id="m15">tests.AccountSettingsTest#createUsers</h3><table class="result"><tr class="param"><th>Parameter #1</th><th>Parameter #2</th></tr><tr class="param stripe"><td>Test Automated 2</td><td>test2@yopmail.com</td></tr><tr><th colspan="2">Exception</th></tr><tr><td colspan="2"><div class="stacktrace">java.lang.NullPointerException
	at tests.BaseTest.afterTest(BaseTest.java:22)
... Removed 37 stack frames</div></td></tr></table><p class="totop"><a href="#summary">back to summary</a></p><h3 id="m16">tests.AccountSettingsTest#createUsers</h3><table class="result"><tr class="param"><th>Parameter #1</th><th>Parameter #2</th></tr><tr class="param stripe"><td>Test Automated</td><td>test1@yopmail.com</td></tr><tr><th colspan="2">Exception</th></tr><tr><td colspan="2"><div class="stacktrace">org.testng.TestNGException: 
Parameter &apos;browser&apos; is required by BeforeMethod on method beforeTest but has not been marked @Optional or defined

... Removed 34 stack frames</div></td></tr></table><p class="totop"><a href="#summary">back to summary</a></p><h3 id="m17">tests.AccountSettingsTest#removeUsers</h3><table class="result"><tr><th>Exception</th></tr><tr><td><div class="stacktrace">java.lang.NullPointerException
	at tests.BaseTest.afterTest(BaseTest.java:22)
... Removed 37 stack frames</div></td></tr></table><p class="totop"><a href="#summary">back to summary</a></p><h3 id="m18">tests.MyFilesTest#createFolder</h3><table class="result"><tr><th>Exception</th></tr><tr><td><div class="stacktrace">org.testng.TestNGException: 
Parameter &apos;browser&apos; is required by BeforeMethod on method beforeTest but has not been marked @Optional or defined

... Removed 34 stack frames</div></td></tr></table><p class="totop"><a href="#summary">back to summary</a></p><h3 id="m19">tests.MyFilesTest#createImage</h3><table class="result"><tr><th>Exception</th></tr><tr><td><div class="stacktrace">org.testng.TestNGException: 
Parameter &apos;browser&apos; is required by BeforeMethod on method beforeTest but has not been marked @Optional or defined

... Removed 34 stack frames</div></td></tr></table><p class="totop"><a href="#summary">back to summary</a></p></body></html>